Alert!!
Alert!!
Disk usage value: 83.00
Disk usage exceeded
Alert!!
CPU usage value: 100.0
CPU usage exceeded
Alert!!
Disk usage value: 83.00
Disk usage exceeded
Alert!!
CPU usage value: 83.3
CPU usage exceeded
Alert!!
Disk usage value: 83.00
Disk usage exceeded
Alert!!
CPU usage value: 66.7
CPU usage exceeded
Alert!!
Disk usage value: 83.00
Disk usage exceeded
Alert!!
CPU usage value: 80.0
CPU usage exceeded
Alert!!
Disk usage value: 83.00
Disk usage exceeded
Alert!!
CPU usage value: 80.0
CPU usage exceeded
Alert!!
Disk usage value: 83.00
Disk usage exceeded
Alert!!
CPU usage value: 83.3
CPU usage exceeded
Alert!!
Disk usage value: 83.00
Disk usage exceeded
Alert!!
Disk usage value: 83.00
Disk usage exceeded
Alert!!
Disk usage value: 83.00
Disk usage exceeded
Alert!!
Disk usage value: 83.00
Disk usage exceeded
Alert!!
Disk usage value: 83.00
Disk usage exceeded
Alert!!
Disk usage value: 83.00
Disk usage exceeded
Alert!!
Disk usage value: 83.00
Disk usage exceeded
Alert!!
Disk usage value: 83.00
Disk usage exceeded
Alert!!
Disk usage value: 83.00
Disk usage exceeded
Alert!!
Disk usage value: 83.00
Disk usage exceeded
Alert!!
Disk usage value: 83.00
Disk usage exceeded
Alert!!
Disk usage value: 83.00
Disk usage exceeded
Alert!!
CPU usage value: 100.0
CPU usage exceeded
Alert!!
Disk usage value: 83.00
Disk usage exceeded
Alert!!
CPU usage value: 72.7
CPU usage exceeded
Alert!!
Disk usage value: 83.00
Disk usage exceeded
Alert!!
CPU usage value: 100.0
CPU usage exceeded
Alert!!
Disk usage value: 83.00
Disk usage exceeded
Alert!!
CPU usage value: 100.0
CPU usage exceeded
Alert!!
Disk usage value: 83.00
Disk usage exceeded
Alert!!
CPU usage value: 100.0
CPU usage exceeded
Alert!!
Disk usage value: 83.00
Disk usage exceeded
Alert!!
CPU usage value: 100.0
CPU usage exceeded
Alert!!
Disk usage value: 83.00
Disk usage exceeded
Alert!!
CPU usage value: 100.0
CPU usage exceeded
Alert!!
Disk usage value: 83.00
Disk usage exceeded
Alert!!
CPU usage value: 100.0
CPU usage exceeded
Alert!!
Disk usage value: 83.00
Disk usage exceeded
Alert!!
CPU usage value: 100.0
CPU usage exceeded
Alert!!
Disk usage value: 83.00
Disk usage exceeded
Alert!!
CPU usage value: 100.0
CPU usage exceeded
Alert!!
Disk usage value: 83.00
Disk usage exceeded
Alert!!
CPU usage value: 100.0
CPU usage exceeded
Alert!!
Disk usage value: 83.00
Disk usage exceeded
Alert!!
CPU usage value: 66.7
CPU usage exceeded
Alert!!
Disk usage value: 83.00
Disk usage exceeded
Alert!!
CPU usage value: 100.0
CPU usage exceeded
Alert!!
Disk usage value: 83.00
Disk usage exceeded
Alert!!
CPU usage value: 100.0
CPU usage exceeded
Alert!!
Disk usage value: 83.00
Disk usage exceeded
Alert!!
CPU usage value: 66.7
CPU usage exceeded
Alert!!
Disk usage value: 83.00
Disk usage exceeded
Alert!!
CPU usage value: 100.0
CPU usage exceeded
Alert!!
Disk usage value: 83.00
Disk usage exceeded
Alert!!
CPU usage value: 100.0
CPU usage exceeded
Alert!!
Disk usage value: 83.00
Disk usage exceeded
Alert!!
CPU usage value: 100.0
CPU usage exceeded
Alert!!
Disk usage value: 83.00
Disk usage exceeded
Alert!!
CPU usage value: 100.0
CPU usage exceeded
Alert!!
Disk usage value: 83.00
Disk usage exceeded
Alert!!
CPU usage value: 100.0
CPU usage exceeded
Alert!!
Disk usage value: 83.00
Disk usage exceeded
Alert!!
CPU usage value: 100.0
CPU usage exceeded
Alert!!
Disk usage value: 83.00
Disk usage exceeded
Alert!!
CPU usage value: 100.0
CPU usage exceeded
Alert!!
Disk usage value: 83.00
Disk usage exceeded
Alert!!
CPU usage value: 100.0
CPU usage exceeded
Alert!!
Disk usage value: 83.00
Disk usage exceeded
Alert!!
CPU usage value: 100.0
CPU usage exceeded
Alert!!
Disk usage value: 83.00
Disk usage exceeded
Alert!!
CPU usage value: 100.0
CPU usage exceeded
Alert!!
CPU usage value: 100.0
CPU usage exceeded
Alert!!
CPU usage value: 100.0
CPU usage exceeded
Alert!!
CPU usage value: 100.0
CPU usage exceeded
Alert!!
Disk usage value: 83.00
Disk usage exceeded
Alert!!
CPU usage value: 100.0
CPU usage exceeded
Alert!!
Disk usage value: 83.00
Disk usage exceeded
Alert!!
CPU usage value: 100.0
CPU usage exceeded
Alert!!
Disk usage value: 83.00
Disk usage exceeded
Alert!!
CPU usage value: 100.0
CPU usage exceeded
Alert!!
Disk usage value: 83.00
Disk usage exceeded
Alert!!
CPU usage value: 100.0
CPU usage exceeded
